Desktop is 1360 x 768 @ 60 Hz
GLX Extensions: GLX_ARB_create_context GLX_ARB_create_context_profile GLX_ARB_create_context_robustness GLX_ARB_fbconfig_float GLX_ARB_framebuffer_sRGB GLX_ARB_get_proc_address GLX_ARB_multisample GLX_EXT_buffer_age GLX_EXT_create_context_es2_profile GLX_EXT_create_context_es_profile GLX_EXT_fbconfig_packed_float GLX_EXT_framebuffer_sRGB GLX_EXT_import_context GLX_EXT_texture_from_pixmap GLX_EXT_visual_info GLX_EXT_visual_rating GLX_INTEL_swap_event GLX_MESA_copy_sub_buffer GLX_MESA_multithread_makecurrent GLX_MESA_query_renderer GLX_MESA_swap_control GLX_OML_swap_method GLX_OML_sync_control GLX_SGIS_multisample GLX_SGIX_fbconfig GLX_SGIX_pbuffer GLX_SGIX_visual_select_group GLX_SGI_make_current_read GLX_SGI_swap_control GLX_SGI_video_sync 
[Package Manager] Server::Start -- Port 54774 was selected
ListPackages failed, output: {
  "name": "unity-editor",
  "version": "5.7.0",
  "problems": [
    "extraneous: unityeditor-collab-history@0.6.14 /home/hldias/.local/share/unity3d/Packages/node_modules/unityeditor-collab-history"
  ],
  "dependencies": {
    "unityeditor-collab-history": {
      "version": "0.6.14",
      "extraneous": true,
      "problems": [
        "extraneous: unityeditor-collab-history@0.6.14 /home/hldias/.local/share/unity3d/Packages/node_modules/unityeditor-collab-history"
      ],
      "from": "unityeditor-collab-history.0.6.14.tgz",
      "resolved": "file:unityeditor-collab-history.0.6.14.tgz"
    },
    "unity-editor-home": {
      "version": "0.8.40",
      "from": "unity-editor-home.0.8.40.tgz",
      "resolved": "file:unity-editor-home.0.8.40.tgz"
    },
    "unityeditor-cloud-hub": {
      "version": "0.0.15",
      "from": "unityeditor-cloud-hub-0.0.15.tgz",
      "resolved": "file:unityeditor-cloud-hub-0.0.15.tgz"
    },
    "unityeditor-collab-toolbar": {
      "version": "0.7.15",
      "from": "unityeditor-collab-toolbar.0.7.15.tgz",
      "resolved": "file:unityeditor-collab-toolbar.0.7.15.tgz"
    }
  }
}


LICENSE SYSTEM [2018524 2:19:17] Next license update check is after 2018-05-24T12:51:26


 COMMAND LINE ARGUMENTS:
/opt/Unity/Editor/Unity
-logFile
/opt/dev/repository/unity-aa/unity.log
-projectPath
/opt/dev/repository/unity-aa
-executeMethod
PerformBuild.CommandLineBuildAndroid
+buildlocation
/opt/dev/repository/unity-aa/Build/android/unity-aa.apk
-quit
Successfully changed project path to: /opt/dev/repository/unity-aa
/opt/dev/repository/unity-aa
Loading GUID <-> Path mappings...0,000140 seconds
Loading Asset Database...0,009785 seconds
Audio: FMOD Profiler initialized on port 54900
AssetDatabase consistency checks...0,028043 seconds
Refreshing native plugins compatible for Editor in 5,78 ms, found 0 plugins.
Preloading 0 native plugins for Editor in 0,00 ms.
[Package Manager] Done resolving packages in 0,89s seconds
[Package Manager] Registering 62 packages:
[Package Manager]  * Package :  com.unity.ads@2.0.4
    (location: /home/hldias/.config/unity3d/cache/packages/packages.unity.com/com.unity.ads@2.0.4)
[Package Manager]  * Package :  com.unity.analytics@2.0.16
    (location: /home/hldias/.config/unity3d/cache/packages/packages.unity.com/com.unity.analytics@2.0.16)
[Package Manager]  * Package :  com.unity.modules.accessibility@file:/opt/Unity-2018.1.0b13/Editor/Data/Resources/PackageManager/Editor/com.unity.modules.accessibility
    (location: /opt/Unity-2018.1.0b13/Editor/Data/Resources/PackageManager/Editor/com.unity.modules.accessibility)
[Package Manager]  * Package :  com.unity.modules.ai@file:/opt/Unity-2018.1.0b13/Editor/Data/Resources/PackageManager/Editor/com.unity.modules.ai
    (location: /opt/Unity-2018.1.0b13/Editor/Data/Resources/PackageManager/Editor/com.unity.modules.ai)
[Package Manager]  * Package :  com.unity.modules.animation@file:/opt/Unity-2018.1.0b13/Editor/Data/Resources/PackageManager/Editor/com.unity.modules.animation
    (location: /opt/Unity-2018.1.0b13/Editor/Data/Resources/PackageManager/Editor/com.unity.modules.animation)
[Package Manager]  * Package :  com.unity.modules.ar@file:/opt/Unity-2018.1.0b13/Editor/Data/Resources/PackageManager/Editor/com.unity.modules.ar
    (location: /opt/Unity-2018.1.0b13/Editor/Data/Resources/PackageManager/Editor/com.unity.modules.ar)
[Package Manager]  * Package :  com.unity.modules.assetbundle@file:/opt/Unity-2018.1.0b13/Editor/Data/Resources/PackageManager/Editor/com.unity.modules.assetbundle
    (location: /opt/Unity-2018.1.0b13/Editor/Data/Resources/PackageManager/Editor/com.unity.modules.assetbundle)
[Package Manager]  * Package :  com.unity.modules.audio@file:/opt/Unity-2018.1.0b13/Editor/Data/Resources/PackageManager/Editor/com.unity.modules.audio
    (location: /opt/Unity-2018.1.0b13/Editor/Data/Resources/PackageManager/Editor/com.unity.modules.audio)
[Package Manager]  * Package :  com.unity.modules.baselib@file:/opt/Unity-2018.1.0b13/Editor/Data/Resources/PackageManager/Editor/com.unity.modules.baselib
    (location: /opt/Unity-2018.1.0b13/Editor/Data/Resources/PackageManager/Editor/com.unity.modules.baselib)
[Package Manager]  * Package :  com.unity.modules.cloth@file:/opt/Unity-2018.1.0b13/Editor/Data/Resources/PackageManager/Editor/com.unity.modules.cloth
    (location: /opt/Unity-2018.1.0b13/Editor/Data/Resources/PackageManager/Editor/com.unity.modules.cloth)
[Package Manager]  * Package :  com.unity.modules.cloudwebservices@file:/opt/Unity-2018.1.0b13/Editor/Data/Resources/PackageManager/Editor/com.unity.modules.cloudwebservices
    (location: /opt/Unity-2018.1.0b13/Editor/Data/Resources/PackageManager/Editor/com.unity.modules.cloudwebservices)
[Package Manager]  * Package :  com.unity.modules.clusterinput@file:/opt/Unity-2018.1.0b13/Editor/Data/Resources/PackageManager/Editor/com.unity.modules.clusterinput
    (location: /opt/Unity-2018.1.0b13/Editor/Data/Resources/PackageManager/Editor/com.unity.modules.clusterinput)
[Package Manager]  * Package :  com.unity.modules.clusterrenderer@file:/opt/Unity-2018.1.0b13/Editor/Data/Resources/PackageManager/Editor/com.unity.modules.clusterrenderer
    (location: /opt/Unity-2018.1.0b13/Editor/Data/Resources/PackageManager/Editor/com.unity.modules.clusterrenderer)
[Package Manager]  * Package :  com.unity.modules.core@file:/opt/Unity-2018.1.0b13/Editor/Data/Resources/PackageManager/Editor/com.unity.modules.core
    (location: /opt/Unity-2018.1.0b13/Editor/Data/Resources/PackageManager/Editor/com.unity.modules.core)
[Package Manager]  * Package :  com.unity.modules.crashreporting@file:/opt/Unity-2018.1.0b13/Editor/Data/Resources/PackageManager/Editor/com.unity.modules.crashreporting
    (location: /opt/Unity-2018.1.0b13/Editor/Data/Resources/PackageManager/Editor/com.unity.modules.crashreporting)
[Package Manager]  * Package :  com.unity.modules.director@file:/opt/Unity-2018.1.0b13/Editor/Data/Resources/PackageManager/Editor/com.unity.modules.director
    (location: /opt/Unity-2018.1.0b13/Editor/Data/Resources/PackageManager/Editor/com.unity.modules.director)
[Package Manager]  * Package :  com.unity.modules.facebook@file:/opt/Unity-2018.1.0b13/Editor/Data/Resources/PackageManager/Editor/com.unity.modules.facebook
    (location: /opt/Unity-2018.1.0b13/Editor/Data/Resources/PackageManager/Editor/com.unity.modules.facebook)
[Package Manager]  * Package :  com.unity.modules.gamecenter@file:/opt/Unity-2018.1.0b13/Editor/Data/Resources/PackageManager/Editor/com.unity.modules.gamecenter
    (location: /opt/Unity-2018.1.0b13/Editor/Data/Resources/PackageManager/Editor/com.unity.modules.gamecenter)
[Package Manager]  * Package :  com.unity.modules.grid@file:/opt/Unity-2018.1.0b13/Editor/Data/Resources/PackageManager/Editor/com.unity.modules.grid
    (location: /opt/Unity-2018.1.0b13/Editor/Data/Resources/PackageManager/Editor/com.unity.modules.grid)
[Package Manager]  * Package :  com.unity.modules.hotreload@file:/opt/Unity-2018.1.0b13/Editor/Data/Resources/PackageManager/Editor/com.unity.modules.hotreload
    (location: /opt/Unity-2018.1.0b13/Editor/Data/Resources/PackageManager/Editor/com.unity.modules.hotreload)
[Package Manager]  * Package :  com.unity.modules.imageconversion@file:/opt/Unity-2018.1.0b13/Editor/Data/Resources/PackageManager/Editor/com.unity.modules.imageconversion
    (location: /opt/Unity-2018.1.0b13/Editor/Data/Resources/PackageManager/Editor/com.unity.modules.imageconversion)
[Package Manager]  * Package :  com.unity.modules.imgui@file:/opt/Unity-2018.1.0b13/Editor/Data/Resources/PackageManager/Editor/com.unity.modules.imgui
    (location: /opt/Unity-2018.1.0b13/Editor/Data/Resources/PackageManager/Editor/com.unity.modules.imgui)
[Package Manager]  * Package :  com.unity.modules.input@file:/opt/Unity-2018.1.0b13/Editor/Data/Resources/PackageManager/Editor/com.unity.modules.input
    (location: /opt/Unity-2018.1.0b13/Editor/Data/Resources/PackageManager/Editor/com.unity.modules.input)
[Package Manager]  * Package :  com.unity.modules.jsonserialize@file:/opt/Unity-2018.1.0b13/Editor/Data/Resources/PackageManager/Editor/com.unity.modules.jsonserialize
    (location: /opt/Unity-2018.1.0b13/Editor/Data/Resources/PackageManager/Editor/com.unity.modules.jsonserialize)
[Package Manager]  * Package :  com.unity.modules.particleslegacy@file:/opt/Unity-2018.1.0b13/Editor/Data/Resources/PackageManager/Editor/com.unity.modules.particleslegacy
    (location: /opt/Unity-2018.1.0b13/Editor/Data/Resources/PackageManager/Editor/com.unity.modules.particleslegacy)
[Package Manager]  * Package :  com.unity.modules.particlesystem@file:/opt/Unity-2018.1.0b13/Editor/Data/Resources/PackageManager/Editor/com.unity.modules.particlesystem
    (location: /opt/Unity-2018.1.0b13/Editor/Data/Resources/PackageManager/Editor/com.unity.modules.particlesystem)
[Package Manager]  * Package :  com.unity.modules.performancereporting@file:/opt/Unity-2018.1.0b13/Editor/Data/Resources/PackageManager/Editor/com.unity.modules.performancereporting
    (location: /opt/Unity-2018.1.0b13/Editor/Data/Resources/PackageManager/Editor/com.unity.modules.performancereporting)
[Package Manager]  * Package :  com.unity.modules.physics2d@file:/opt/Unity-2018.1.0b13/Editor/Data/Resources/PackageManager/Editor/com.unity.modules.physics2d
    (location: /opt/Unity-2018.1.0b13/Editor/Data/Resources/PackageManager/Editor/com.unity.modules.physics2d)
[Package Manager]  * Package :  com.unity.modules.physics@file:/opt/Unity-2018.1.0b13/Editor/Data/Resources/PackageManager/Editor/com.unity.modules.physics
    (location: /opt/Unity-2018.1.0b13/Editor/Data/Resources/PackageManager/Editor/com.unity.modules.physics)
[Package Manager]  * Package :  com.unity.modules.screencapture@file:/opt/Unity-2018.1.0b13/Editor/Data/Resources/PackageManager/Editor/com.unity.modules.screencapture
    (location: /opt/Unity-2018.1.0b13/Editor/Data/Resources/PackageManager/Editor/com.unity.modules.screencapture)
[Package Manager]  * Package :  com.unity.modules.sharedinternals@file:/opt/Unity-2018.1.0b13/Editor/Data/Resources/PackageManager/Editor/com.unity.modules.sharedinternals
    (location: /opt/Unity-2018.1.0b13/Editor/Data/Resources/PackageManager/Editor/com.unity.modules.sharedinternals)
[Package Manager]  * Package :  com.unity.modules.spatialtracking@file:/opt/Unity-2018.1.0b13/Editor/Data/Resources/PackageManager/Editor/com.unity.modules.spatialtracking
    (location: /opt/Unity-2018.1.0b13/Editor/Data/Resources/PackageManager/Editor/com.unity.modules.spatialtracking)
[Package Manager]  * Package :  com.unity.modules.spritemask@file:/opt/Unity-2018.1.0b13/Editor/Data/Resources/PackageManager/Editor/com.unity.modules.spritemask
    (location: /opt/Unity-2018.1.0b13/Editor/Data/Resources/PackageManager/Editor/com.unity.modules.spritemask)
[Package Manager]  * Package :  com.unity.modules.spriteshape@file:/opt/Unity-2018.1.0b13/Editor/Data/Resources/PackageManager/Editor/com.unity.modules.spriteshape
    (location: /opt/Unity-2018.1.0b13/Editor/Data/Resources/PackageManager/Editor/com.unity.modules.spriteshape)
[Package Manager]  * Package :  com.unity.modules.stylesheets@file:/opt/Unity-2018.1.0b13/Editor/Data/Resources/PackageManager/Editor/com.unity.modules.stylesheets
    (location: /opt/Unity-2018.1.0b13/Editor/Data/Resources/PackageManager/Editor/com.unity.modules.stylesheets)
[Package Manager]  * Package :  com.unity.modules.substance@file:/opt/Unity-2018.1.0b13/Editor/Data/Resources/PackageManager/Editor/com.unity.modules.substance
    (location: /opt/Unity-2018.1.0b13/Editor/Data/Resources/PackageManager/Editor/com.unity.modules.substance)
[Package Manager]  * Package :  com.unity.modules.terrain@file:/opt/Unity-2018.1.0b13/Editor/Data/Resources/PackageManager/Editor/com.unity.modules.terrain
    (location: /opt/Unity-2018.1.0b13/Editor/Data/Resources/PackageManager/Editor/com.unity.modules.terrain)
[Package Manager]  * Package :  com.unity.modules.terrainphysics@file:/opt/Unity-2018.1.0b13/Editor/Data/Resources/PackageManager/Editor/com.unity.modules.terrainphysics
    (location: /opt/Unity-2018.1.0b13/Editor/Data/Resources/PackageManager/Editor/com.unity.modules.terrainphysics)
[Package Manager]  * Package :  com.unity.modules.textrendering@file:/opt/Unity-2018.1.0b13/Editor/Data/Resources/PackageManager/Editor/com.unity.modules.textrendering
    (location: /opt/Unity-2018.1.0b13/Editor/Data/Resources/PackageManager/Editor/com.unity.modules.textrendering)
[Package Manager]  * Package :  com.unity.modules.tilemap@file:/opt/Unity-2018.1.0b13/Editor/Data/Resources/PackageManager/Editor/com.unity.modules.tilemap
    (location: /opt/Unity-2018.1.0b13/Editor/Data/Resources/PackageManager/Editor/com.unity.modules.tilemap)
[Package Manager]  * Package :  com.unity.modules.timeline@file:/opt/Unity-2018.1.0b13/Editor/Data/Resources/PackageManager/Editor/com.unity.modules.timeline
    (location: /opt/Unity-2018.1.0b13/Editor/Data/Resources/PackageManager/Editor/com.unity.modules.timeline)
[Package Manager]  * Package :  com.unity.modules.tls@file:/opt/Unity-2018.1.0b13/Editor/Data/Resources/PackageManager/Editor/com.unity.modules.tls
    (location: /opt/Unity-2018.1.0b13/Editor/Data/Resources/PackageManager/Editor/com.unity.modules.tls)
[Package Manager]  * Package :  com.unity.modules.ui@file:/opt/Unity-2018.1.0b13/Editor/Data/Resources/PackageManager/Editor/com.unity.modules.ui
    (location: /opt/Unity-2018.1.0b13/Editor/Data/Resources/PackageManager/Editor/com.unity.modules.ui)
[Package Manager]  * Package :  com.unity.modules.uielements@file:/opt/Unity-2018.1.0b13/Editor/Data/Resources/PackageManager/Editor/com.unity.modules.uielements
    (location: /opt/Unity-2018.1.0b13/Editor/Data/Resources/PackageManager/Editor/com.unity.modules.uielements)
[Package Manager]  * Package :  com.unity.modules.umbra@file:/opt/Unity-2018.1.0b13/Editor/Data/Resources/PackageManager/Editor/com.unity.modules.umbra
    (location: /opt/Unity-2018.1.0b13/Editor/Data/Resources/PackageManager/Editor/com.unity.modules.umbra)
[Package Manager]  * Package :  com.unity.modules.unet@file:/opt/Unity-2018.1.0b13/Editor/Data/Resources/PackageManager/Editor/com.unity.modules.unet
    (location: /opt/Unity-2018.1.0b13/Editor/Data/Resources/PackageManager/Editor/com.unity.modules.unet)
[Package Manager]  * Package :  com.unity.modules.unityanalytics@file:/opt/Unity-2018.1.0b13/Editor/Data/Resources/PackageManager/Editor/com.unity.modules.unityanalytics
    (location: /opt/Unity-2018.1.0b13/Editor/Data/Resources/PackageManager/Editor/com.unity.modules.unityanalytics)
[Package Manager]  * Package :  com.unity.modules.unityconnect@file:/opt/Unity-2018.1.0b13/Editor/Data/Resources/PackageManager/Editor/com.unity.modules.unityconnect
    (location: /opt/Unity-2018.1.0b13/Editor/Data/Resources/PackageManager/Editor/com.unity.modules.unityconnect)
[Package Manager]  * Package :  com.unity.modules.unitywebrequest@file:/opt/Unity-2018.1.0b13/Editor/Data/Resources/PackageManager/Editor/com.unity.modules.unitywebrequest
    (location: /opt/Unity-2018.1.0b13/Editor/Data/Resources/PackageManager/Editor/com.unity.modules.unitywebrequest)
[Package Manager]  * Package :  com.unity.modules.unitywebrequestassetbundle@file:/opt/Unity-2018.1.0b13/Editor/Data/Resources/PackageManager/Editor/com.unity.modules.unitywebrequestassetbundle
    (location: /opt/Unity-2018.1.0b13/Editor/Data/Resources/PackageManager/Editor/com.unity.modules.unitywebrequestassetbundle)
[Package Manager]  * Package :  com.unity.modules.unitywebrequestaudio@file:/opt/Unity-2018.1.0b13/Editor/Data/Resources/PackageManager/Editor/com.unity.modules.unitywebrequestaudio
    (location: /opt/Unity-2018.1.0b13/Editor/Data/Resources/PackageManager/Editor/com.unity.modules.unitywebrequestaudio)
[Package Manager]  * Package :  com.unity.modules.unitywebrequesttexture@file:/opt/Unity-2018.1.0b13/Editor/Data/Resources/PackageManager/Editor/com.unity.modules.unitywebrequesttexture
    (location: /opt/Unity-2018.1.0b13/Editor/Data/Resources/PackageManager/Editor/com.unity.modules.unitywebrequesttexture)
[Package Manager]  * Package :  com.unity.modules.unitywebrequestwww@file:/opt/Unity-2018.1.0b13/Editor/Data/Resources/PackageManager/Editor/com.unity.modules.unitywebrequestwww
    (location: /opt/Unity-2018.1.0b13/Editor/Data/Resources/PackageManager/Editor/com.unity.modules.unitywebrequestwww)
[Package Manager]  * Package :  com.unity.modules.vehicles@file:/opt/Unity-2018.1.0b13/Editor/Data/Resources/PackageManager/Editor/com.unity.modules.vehicles
    (location: /opt/Unity-2018.1.0b13/Editor/Data/Resources/PackageManager/Editor/com.unity.modules.vehicles)
[Package Manager]  * Package :  com.unity.modules.video@file:/opt/Unity-2018.1.0b13/Editor/Data/Resources/PackageManager/Editor/com.unity.modules.video
    (location: /opt/Unity-2018.1.0b13/Editor/Data/Resources/PackageManager/Editor/com.unity.modules.video)
[Package Manager]  * Package :  com.unity.modules.vr@file:/opt/Unity-2018.1.0b13/Editor/Data/Resources/PackageManager/Editor/com.unity.modules.vr
    (location: /opt/Unity-2018.1.0b13/Editor/Data/Resources/PackageManager/Editor/com.unity.modules.vr)
[Package Manager]  * Package :  com.unity.modules.web@file:/opt/Unity-2018.1.0b13/Editor/Data/Resources/PackageManager/Editor/com.unity.modules.web
    (location: /opt/Unity-2018.1.0b13/Editor/Data/Resources/PackageManager/Editor/com.unity.modules.web)
[Package Manager]  * Package :  com.unity.modules.wind@file:/opt/Unity-2018.1.0b13/Editor/Data/Resources/PackageManager/Editor/com.unity.modules.wind
    (location: /opt/Unity-2018.1.0b13/Editor/Data/Resources/PackageManager/Editor/com.unity.modules.wind)
[Package Manager]  * Package :  com.unity.modules.xr@file:/opt/Unity-2018.1.0b13/Editor/Data/Resources/PackageManager/Editor/com.unity.modules.xr
    (location: /opt/Unity-2018.1.0b13/Editor/Data/Resources/PackageManager/Editor/com.unity.modules.xr)
[Package Manager]  * Package :  com.unity.package-manager-ui@1.8.2
    (location: /home/hldias/.config/unity3d/cache/packages/packages.unity.com/com.unity.package-manager-ui@1.8.2)
[Package Manager]  * Package :  com.unity.purchasing@2.0.1
    (location: /home/hldias/.config/unity3d/cache/packages/packages.unity.com/com.unity.purchasing@2.0.1)
[Package Manager]  * Package :  com.unity.standardevents@1.0.13
    (location: /home/hldias/.config/unity3d/cache/packages/packages.unity.com/com.unity.standardevents@1.0.13)
[Package Manager] Done registering packages in 0,01s seconds
IsTimeToCheckForNewEditor: Update time 0 current 1527121159
Initialize engine version: 2018.1.0b13 (77a142ac9989)
Renderer: Mesa DRI Intel(R) HD Graphics 620 (Kaby Lake GT2) 
Vendor:   Intel Open Source Technology Center
Version:  4.5 (Core Profile) Mesa 18.0.0-rc5
GLES:     0
 GL_3DFX_texture_compression_FXT1 GL_AMD_conservative_depth GL_AMD_draw_buffers_blend GL_AMD_seamless_cubemap_per_texture GL_AMD_shader_stencil_export GL_AMD_shader_trinary_minmax GL_AMD_vertex_shader_layer GL_AMD_vertex_shader_viewport_index GL_ANGLE_texture_compression_dxt3 GL_ANGLE_texture_compression_dxt5 GL_APPLE_object_purgeable GL_ARB_ES2_compatibility GL_ARB_ES3_1_compatibility GL_ARB_ES3_2_compatibility GL_ARB_ES3_compatibility GL_ARB_arrays_of_arrays GL_ARB_base_instance GL_ARB_blend_func_extended GL_ARB_buffer_storage GL_ARB_clear_buffer_object GL_ARB_clear_texture GL_ARB_clip_control GL_ARB_compressed_texture_pixel_storage GL_ARB_compute_shader GL_ARB_conditional_render_inverted GL_ARB_conservative_depth GL_ARB_copy_buffer GL_ARB_copy_image GL_ARB_cull_distance GL_ARB_debug_output GL_ARB_depth_buffer_float GL_ARB_depth_clamp GL_ARB_derivative_control GL_ARB_direct_state_access GL_ARB_draw_buffers GL_ARB_draw_buffers_blend GL_ARB_draw_elements_base_vertex GL_ARB_draw_indirect GL_ARB_draw_instanced
 GL_ARB_enhanced_layouts GL_ARB_explicit_attrib_location GL_ARB_explicit_uniform_location GL_ARB_fragment_coord_conventions GL_ARB_fragment_layer_viewport GL_ARB_fragment_shader GL_ARB_framebuffer_no_attachments GL_ARB_framebuffer_object GL_ARB_framebuffer_sRGB GL_ARB_get_program_binary GL_ARB_get_texture_sub_image GL_ARB_gpu_shader5 GL_ARB_gpu_shader_fp64 GL_ARB_gpu_shader_int64 GL_ARB_half_float_pixel GL_ARB_half_float_vertex GL_ARB_indirect_parameters GL_ARB_instanced_arrays GL_ARB_internalformat_query GL_ARB_internalformat_query2 GL_ARB_invalidate_subdata GL_ARB_map_buffer_alignment GL_ARB_map_buffer_range GL_ARB_multi_bind GL_ARB_multi_draw_indirect GL_ARB_occlusion_query2 GL_ARB_pipeline_statistics_query GL_ARB_pixel_buffer_object GL_ARB_point_sprite GL_ARB_polygon_offset_clamp GL_ARB_post_depth_coverage GL_ARB_program_interface_query GL_ARB_provoking_vertex GL_ARB_query_buffer_object GL_ARB_robust_buffer_access_behavior GL_ARB_robustness GL_ARB_sample_shading GL_ARB_sampler_objects GL_ARB_seamless_cub
e_map GL_ARB_seamless_cubemap_per_texture GL_ARB_separate_shader_objects GL_ARB_shader_atomic_counter_ops GL_ARB_shader_atomic_counters GL_ARB_shader_ballot GL_ARB_shader_bit_encoding GL_ARB_shader_clock GL_ARB_shader_draw_parameters GL_ARB_shader_group_vote GL_ARB_shader_image_load_store GL_ARB_shader_image_size GL_ARB_shader_objects GL_ARB_shader_precision GL_ARB_shader_stencil_export GL_ARB_shader_storage_buffer_object GL_ARB_shader_subroutine GL_ARB_shader_texture_image_samples GL_ARB_shader_texture_lod GL_ARB_shader_viewport_layer_array GL_ARB_shading_language_420pack GL_ARB_shading_language_packing GL_ARB_stencil_texturing GL_ARB_sync GL_ARB_tessellation_shader GL_ARB_texture_barrier GL_ARB_texture_buffer_object GL_ARB_texture_buffer_object_rgb32 GL_ARB_texture_buffer_range GL_ARB_texture_compression_bptc GL_ARB_texture_compression_rgtc GL_ARB_texture_cube_map_array GL_ARB_texture_filter_anisotropic GL_ARB_texture_float GL_ARB_texture_gather GL_ARB_texture_mirror_clamp_to_edge GL_ARB_texture_multisampl
e GL_ARB_texture_non_power_of_two GL_ARB_texture_query_levels GL_ARB_texture_query_lod GL_ARB_texture_rectangle GL_ARB_texture_rg GL_ARB_texture_rgb10_a2ui GL_ARB_texture_stencil8 GL_ARB_texture_storage GL_ARB_texture_storage_multisample GL_ARB_texture_swizzle GL_ARB_texture_view GL_ARB_timer_query GL_ARB_transform_feedback2 GL_ARB_transform_feedback3 GL_ARB_transform_feedback_instanced GL_ARB_transform_feedback_overflow_query GL_ARB_uniform_buffer_object GL_ARB_vertex_array_bgra GL_ARB_vertex_array_object GL_ARB_vertex_attrib_64bit GL_ARB_vertex_attrib_binding GL_ARB_vertex_shader GL_ARB_vertex_type_10f_11f_11f_rev GL_ARB_vertex_type_2_10_10_10_rev GL_ARB_viewport_array GL_ATI_blend_equation_separate GL_ATI_texture_float GL_EXT_abgr GL_EXT_blend_equation_separate GL_EXT_draw_buffers2 GL_EXT_draw_instanced GL_EXT_framebuffer_blit GL_EXT_framebuffer_multisample GL_EXT_framebuffer_multisample_blit_scaled GL_EXT_framebuffer_sRGB GL_EXT_packed_depth_stencil GL_EXT_packed_float GL_EXT_pixel_buffer_object GL_EXT_p
olygon_offset_clamp GL_EXT_provoking_vertex GL_EXT_shader_integer_mix GL_EXT_shader_samples_identical GL_EXT_texture_array GL_EXT_texture_compression_dxt1 GL_EXT_texture_compression_rgtc GL_EXT_texture_compression_s3tc GL_EXT_texture_filter_anisotropic GL_EXT_texture_integer GL_EXT_texture_sRGB GL_EXT_texture_sRGB_decode GL_EXT_texture_shared_exponent GL_EXT_texture_snorm GL_EXT_texture_swizzle GL_EXT_timer_query GL_EXT_transform_feedback GL_EXT_vertex_array_bgra GL_IBM_multimode_draw_arrays GL_INTEL_conservative_rasterization GL_INTEL_performance_query GL_KHR_blend_equation_advanced GL_KHR_blend_equation_advanced_coherent GL_KHR_context_flush_control GL_KHR_debug GL_KHR_no_error GL_KHR_robust_buffer_access_behavior GL_KHR_robustness GL_KHR_texture_compression_astc_ldr GL_KHR_texture_compression_astc_sliced_3d GL_MESA_pack_invert GL_MESA_shader_integer_functions GL_MESA_texture_signed_rgba GL_NV_conditional_render GL_NV_depth_clamp GL_NV_packed_depth_stencil GL_NV_texture_barrier GL_OES_EGL_image GL_S3_s3tc
OPENGL LOG: Creating OpenGL 4.5 graphics device ; Context level  <OpenGL 4.5> ; Context handle -301322752
WARNING: Shader Unsupported: 'AR/TangoARRender' - Pass '' has no vertex shader
WARNING: Shader Unsupported: 'AR/TangoARRender' - Setting to default shader.
Initialize mono
Mono path[0] = '/opt/Unity-2018.1.0b13/Editor/Data/Managed'
Mono path[1] = '/opt/Unity-2018.1.0b13/Editor/Data/Mono/lib/mono/2.0'
Mono config path = '/opt/Unity-2018.1.0b13/Editor/Data/Mono/etc'
PlayerConnection initialized from  (debug = 0)
PlayerConnection initialized network socket : 0.0.0.0 55005
Multi-casting "[IP] 192.168.1.112 [Port] 55005 [Flags] 2 [Guid] 1973860849 [EditorId] 0 [Version] 1048832 [Id] LinuxEditor(192.168.1.112) [Debug] 0" to [225.0.0.222:54997]...
Started listening to [0.0.0.0:55005]
Begin MonoManager ReloadAssembly
Initializing Unity.PackageManager (PackageManager) v2018.1.0 for Unity v2018.1.0b13
Registering precompiled unity dll's ...
Register platform support module: /opt/Unity-2018.1.0b13/Editor/Data/PlaybackEngines/AndroidPlayer/UnityEditor.Android.Extensions.dll
Register platform support module: /opt/Unity-2018.1.0b13/Editor/Data/PlaybackEngines/WebGLSupport/UnityEditor.WebGL.Extensions.dll
Register platform support module: /opt/Unity-2018.1.0b13/Editor/Data/PlaybackEngines/LinuxStandaloneSupport/UnityEditor.LinuxStandalone.Extensions.dll
Registered in 0,001636 seconds.
Registering precompiled user dll's ...
Registered in 0,009992 seconds.
Refreshing native plugins compatible for Editor in 0,41 ms, found 2 plugins.
Preloading 1 native plugins for Editor in 10,73 ms.
Mono: successfully reloaded assembly
- Completed reload, in  0,789 seconds
Registering platform support modules:
Registered platform support modules in: 0.0749868s.
Native extension for LinuxStandalone target not found
Native extension for WebGL target not found
Native extension for Android target not found
Begin MonoManager ReloadAssembly
Refreshing native plugins compatible for Editor in 0,40 ms, found 2 plugins.
Preloading 1 native plugins for Editor in 0,11 ms.
Mono: successfully reloaded assembly
- Completed reload, in  0,580 seconds
Initializing Unity.PackageManager (PackageManager) v2018.1.0 for Unity v2018.1.0b13
Registering platform support modules:
Registered platform support modules in: 0.0408575s.
Native extension for LinuxStandalone target not found
Native extension for WebGL target not found
Native extension for Android target not found
Validating Project structure ... 0,000295 seconds.
Refresh: detecting if any assets need to be imported or removed ... Refresh: elapses 0,006361 seconds (Nothing changed)
Refresh completed in 0,006438 seconds.
Warming cache for 412 main assets: 0,000941 seconds elapsed
Initializing Unity extensions:
 '/opt/Unity-2018.1.0b13/Editor/Data/UnityExtensions/Unity/UnityHoloLens/Editor/UnityEditor.HoloLens.dll'  GUID: 12fd8a0055b84bb59e84c9835a37e333
 '/opt/Unity-2018.1.0b13/Editor/Data/UnityExtensions/Unity/Timeline/Runtime/UnityEngine.Timeline.dll'  GUID: 6a10b2909283487f913b00d94cd3faf5
 '/opt/Unity-2018.1.0b13/Editor/Data/UnityExtensions/Unity/TestRunner/portable/nunit.framework.dll'  GUID: 405b9b51bb344a128608d968297df79c
 '/opt/Unity-2018.1.0b13/Editor/Data/UnityExtensions/Unity/GUISystem/Standalone/UnityEngine.UI.dll'  GUID: f70555f144d8491a825f0804e09c671c
 '/opt/Unity-2018.1.0b13/Editor/Data/UnityExtensions/Unity/GUISystem/UnityEngine.UI.dll'  GUID: f5f67c52d1564df4a8936ccd202a3bd8
 '/opt/Unity-2018.1.0b13/Editor/Data/UnityExtensions/Unity/Timeline/RuntimeEditor/UnityEngine.Timeline.dll'  GUID: 844f815391db42d49455cbf1a7bfc434
 '/opt/Unity-2018.1.0b13/Editor/Data/UnityExtensions/Unity/Networking/Standalone/UnityEngine.Networking.dll'  GUID: dc443db3e92b4983b9738c1131f555cb
 '/opt/Unity-2018.1.0b13/Editor/Data/UnityExtensions/Unity/UnitySpatialTracking/Runtime/UnityEngine.SpatialTracking.dll'  GUID: ed7343f30e3843b3afda8f8b02669cea
 '/opt/Unity-2018.1.0b13/Editor/Data/UnityExtensions/Unity/UnityGoogleAudioSpatializer/Editor/UnityEditor.GoogleAudioSpatializer.dll'  GUID: 4a3ecb1425d14502837abea459cf2b70
 '/opt/Unity-2018.1.0b13/Editor/Data/UnityExtensions/Unity/Networking/Editor/UnityEditor.Networking.dll'  GUID: 5f32cd94baa94578a686d4b9d6b660f7
 '/opt/Unity-2018.1.0b13/Editor/Data/UnityExtensions/Unity/UnityHoloLens/Runtime/UnityEngine.HoloLens.dll'  GUID: f7b54ff4a43d4fcf81b4538b678e0bcc
 '/opt/Unity-2018.1.0b13/Editor/Data/UnityExtensions/Unity/UnitySpatialTracking/Editor/UnityEditor.SpatialTracking.dll'  GUID: b5da970776034f77a070d99423d68791
 '/opt/Unity-2018.1.0b13/Editor/Data/UnityExtensions/Unity/TreeEditor/Editor/UnityEditor.TreeEditor.dll'  GUID: adebbd281f1a4ef3a30be7f21937e02f
 '/opt/Unity-2018.1.0b13/Editor/Data/UnityExtensions/Unity/Networking/UnityEngine.Networking.dll'  GUID: 870353891bb340e2b2a9c8707e7419ba
 '/opt/Unity-2018.1.0b13/Editor/Data/UnityExtensions/Unity/TestRunner/UnityEngine.TestRunner.dll'  GUID: 53ebcfaa2e1e4e2dbc85882cd5a73fa1
 '/opt/Unity-2018.1.0b13/Editor/Data/UnityExtensions/Unity/UnityGoogleAudioSpatializer/RuntimeEditor/UnityEngine.GoogleAudioSpatializer.dll'  GUID: ead147da21254ff9a0a936bdd75e1680
 '/opt/Unity-2018.1.0b13/Editor/Data/UnityExtensions/Unity/UnityGoogleAudioSpatializer/Runtime/UnityEngine.GoogleAudioSpatializer.dll'  GUID: e4f4cf1b9b434137a499903a7a1d651a
 '/opt/Unity-2018.1.0b13/Editor/Data/UnityExtensions/Unity/UnityVR/Editor/UnityEditor.VR.dll'  GUID: 4ba2329b63d54f0187bcaa12486b1b0f
 '/opt/Unity-2018.1.0b13/Editor/Data/UnityExtensions/Unity/UnityHoloLens/RuntimeEditor/UnityEngine.HoloLens.dll'  GUID: 1c6d1fbb51834b64847b1b73a75bfc77
 '/opt/Unity-2018.1.0b13/Editor/Data/UnityExtensions/Unity/UnitySpatialTracking/RuntimeEditor/UnityEngine.SpatialTracking.dll'  GUID: 3a84de5cd0624681b6b6dcd8921d912a
 '/opt/Unity-2018.1.0b13/Editor/Data/UnityExtensions/Unity/GUISystem/Editor/UnityEditor.UI.dll'  GUID: 80a3616ca19596e4da0f10f14d241e9f
 '/opt/Unity-2018.1.0b13/Editor/Data/UnityExtensions/Unity/UIAutomation/UnityEngine.UIAutomation.dll'  GUID: c768acbc9cf24d398488bb4c93b91288
 '/opt/Unity-2018.1.0b13/Editor/Data/UnityExtensions/Unity/TestRunner/Editor/UnityEditor.TestRunner.dll'  GUID: 4113173d5e95493ab8765d7b08371de4
 '/opt/Unity-2018.1.0b13/Editor/Data/UnityExtensions/Unity/TestRunner/net35/unity-custom/nunit.framework.dll'  GUID: 4b3fa4bde7f1451a8218c03ee6a8ded8
 '/opt/Unity-2018.1.0b13/Editor/Data/UnityExtensions/Unity/UIAutomation/Editor/UnityEditor.UIAutomation.dll'  GUID: b8a0574e92bd43a59e19d6c3c6ae54c7
 '/opt/Unity-2018.1.0b13/Editor/Data/UnityExtensions/Unity/Timeline/Editor/UnityEditor.Timeline.dll'  GUID: 7668179ede524d6396c8b7d84461ea29
UpdateMenuTitleForLanguage: 10
WARNING: Shader Unsupported: 'Hidden/BlitToDepth_MSAA' - Pass '' has no vertex shader
WARNING: Shader Unsupported: 'Hidden/BlitToDepth_MSAA' - Setting to default shader.
WARNING: Shader Unsupported: 'Hidden/VR/BlitTexArraySliceToDepth_MSAA' - Pass '' has no vertex shader
WARNING: Shader Unsupported: 'Hidden/VR/BlitTexArraySliceToDepth_MSAA' - Setting to default shader.
WARNING: Shader Unsupported: 'Hidden/BlitToDepth' - Pass '' has no vertex shader
WARNING: Shader Unsupported: 'Hidden/BlitToDepth' - Setting to default shader.
WARNING: Shader Unsupported: 'AR/TangoARRender' - Pass '' has no vertex shader
WARNING: Shader Unsupported: 'AR/TangoARRender' - Setting to default shader.
WARNING: Shader Unsupported: 'VR/SpatialMapping/Wireframe' - Pass '' has no vertex shader
WARNING: Shader Unsupported: 'VR/SpatialMapping/Wireframe' - Setting to default shader.
Load scene 'Assets/MainLevel.unity' time: 0,007000 ms 
Unloading 165 Unused Serialized files (Serialized files now loaded: 0)
System memory in use before: 75,4 MB.
System memory in use after: 74,7 MB.

Unloading 144 unused Assets to reduce memory usage. Loaded Objects now: 930.
Total: 2,844000 ms (FindLiveObjects: 0,682000 ms CreateObjectMapping: 0,026000 ms MarkObjects: 1,230000 ms  DeleteObjects: 0,904000 ms)

GLX Extensions: GLX_ARB_create_context GLX_ARB_create_context_profile GLX_ARB_create_context_robustness GLX_ARB_fbconfig_float GLX_ARB_framebuffer_sRGB GLX_ARB_get_proc_address GLX_ARB_multisample GLX_EXT_buffer_age GLX_EXT_create_context_es2_profile GLX_EXT_create_context_es_profile GLX_EXT_fbconfig_packed_float GLX_EXT_framebuffer_sRGB GLX_EXT_import_context GLX_EXT_texture_from_pixmap GLX_EXT_visual_info GLX_EXT_visual_rating GLX_INTEL_swap_event GLX_MESA_copy_sub_buffer GLX_MESA_multithread_makecurrent GLX_MESA_query_renderer GLX_MESA_swap_control GLX_OML_swap_method GLX_OML_sync_control GLX_SGIS_multisample GLX_SGIX_fbconfig GLX_SGIX_pbuffer GLX_SGIX_visual_select_group GLX_SGI_make_current_read GLX_SGI_swap_control GLX_SGI_video_sync 
GLX Extensions: GLX_ARB_create_context GLX_ARB_create_context_profile GLX_ARB_create_context_robustness GLX_ARB_fbconfig_float GLX_ARB_framebuffer_sRGB GLX_ARB_get_proc_address GLX_ARB_multisample GLX_EXT_buffer_age GLX_EXT_create_context_es2_profile GLX_EXT_create_context_es_profile GLX_EXT_fbconfig_packed_float GLX_EXT_framebuffer_sRGB GLX_EXT_import_context GLX_EXT_texture_from_pixmap GLX_EXT_visual_info GLX_EXT_visual_rating GLX_INTEL_swap_event GLX_MESA_copy_sub_buffer GLX_MESA_multithread_makecurrent GLX_MESA_query_renderer GLX_MESA_swap_control GLX_OML_swap_method GLX_OML_sync_control GLX_SGIS_multisample GLX_SGIX_fbconfig GLX_SGIX_pbuffer GLX_SGIX_visual_select_group GLX_SGI_make_current_read GLX_SGI_swap_control GLX_SGI_video_sync 
GLX Extensions: GLX_ARB_create_context GLX_ARB_create_context_profile GLX_ARB_create_context_robustness GLX_ARB_fbconfig_float GLX_ARB_framebuffer_sRGB GLX_ARB_get_proc_address GLX_ARB_multisample GLX_EXT_buffer_age GLX_EXT_create_context_es2_profile GLX_EXT_create_context_es_profile GLX_EXT_fbconfig_packed_float GLX_EXT_framebuffer_sRGB GLX_EXT_import_context GLX_EXT_texture_from_pixmap GLX_EXT_visual_info GLX_EXT_visual_rating GLX_INTEL_swap_event GLX_MESA_copy_sub_buffer GLX_MESA_multithread_makecurrent GLX_MESA_query_renderer GLX_MESA_swap_control GLX_OML_swap_method GLX_OML_sync_control GLX_SGIS_multisample GLX_SGIX_fbconfig GLX_SGIX_pbuffer GLX_SGIX_visual_select_group GLX_SGI_make_current_read GLX_SGI_swap_control GLX_SGI_video_sync 
requesting resize 511 x 347
resizing window to 511 x 347
Desktop is 1360 x 768 @ 60 Hz
GLX Extensions: GLX_ARB_create_context GLX_ARB_create_context_profile GLX_ARB_create_context_robustness GLX_ARB_fbconfig_float GLX_ARB_framebuffer_sRGB GLX_ARB_get_proc_address GLX_ARB_multisample GLX_EXT_buffer_age GLX_EXT_create_context_es2_profile GLX_EXT_create_context_es_profile GLX_EXT_fbconfig_packed_float GLX_EXT_framebuffer_sRGB GLX_EXT_import_context GLX_EXT_texture_from_pixmap GLX_EXT_visual_info GLX_EXT_visual_rating GLX_INTEL_swap_event GLX_MESA_copy_sub_buffer GLX_MESA_multithread_makecurrent GLX_MESA_query_renderer GLX_MESA_swap_control GLX_OML_swap_method GLX_OML_sync_control GLX_SGIS_multisample GLX_SGIX_fbconfig GLX_SGIX_pbuffer GLX_SGIX_visual_select_group GLX_SGI_make_current_read GLX_SGI_swap_control GLX_SGI_video_sync 
GLX Extensions: GLX_ARB_create_context GLX_ARB_create_context_profile GLX_ARB_create_context_robustness GLX_ARB_fbconfig_float GLX_ARB_framebuffer_sRGB GLX_ARB_get_proc_address GLX_ARB_multisample GLX_EXT_buffer_age GLX_EXT_create_context_es2_profile GLX_EXT_create_context_es_profile GLX_EXT_fbconfig_packed_float GLX_EXT_framebuffer_sRGB GLX_EXT_import_context GLX_EXT_texture_from_pixmap GLX_EXT_visual_info GLX_EXT_visual_rating GLX_INTEL_swap_event GLX_MESA_copy_sub_buffer GLX_MESA_multithread_makecurrent GLX_MESA_query_renderer GLX_MESA_swap_control GLX_OML_swap_method GLX_OML_sync_control GLX_SGIS_multisample GLX_SGIX_fbconfig GLX_SGIX_pbuffer GLX_SGIX_visual_select_group GLX_SGI_make_current_read GLX_SGI_swap_control GLX_SGI_video_sync 
GLX Extensions: GLX_ARB_create_context GLX_ARB_create_context_profile GLX_ARB_create_context_robustness GLX_ARB_fbconfig_float GLX_ARB_framebuffer_sRGB GLX_ARB_get_proc_address GLX_ARB_multisample GLX_EXT_buffer_age GLX_EXT_create_context_es2_profile GLX_EXT_create_context_es_profile GLX_EXT_fbconfig_packed_float GLX_EXT_framebuffer_sRGB GLX_EXT_import_context GLX_EXT_texture_from_pixmap GLX_EXT_visual_info GLX_EXT_visual_rating GLX_INTEL_swap_event GLX_MESA_copy_sub_buffer GLX_MESA_multithread_makecurrent GLX_MESA_query_renderer GLX_MESA_swap_control GLX_OML_swap_method GLX_OML_sync_control GLX_SGIS_multisample GLX_SGIX_fbconfig GLX_SGIX_pbuffer GLX_SGIX_visual_select_group GLX_SGI_make_current_read GLX_SGI_swap_control GLX_SGI_video_sync 
requesting resize 511 x 347
resizing window to 511 x 347
Desktop is 1360 x 768 @ 60 Hz
requesting resize 511 x 347
resizing window to 511 x 347
Desktop is 1360 x 768 @ 60 Hz
JAVA_HOME: /opt/dev/java
UnityEngine.DebugLogHandler:Internal_Log(LogType, String, Object)
UnityEngine.DebugLogHandler:LogFormat(LogType, Object, String, Object[])
UnityEngine.Logger:Log(LogType, Object)
UnityEngine.Debug:Log(Object)
PerformBuild:CommandLineBuildAndroid() (at Assets/Editor/PerformBuild.cs:102)
 
(Filename: Assets/Editor/PerformBuild.cs Line: 102)

ANDROID_SDK_HOME: 
UnityEngine.DebugLogHandler:Internal_Log(LogType, String, Object)
UnityEngine.DebugLogHandler:LogFormat(LogType, Object, String, Object[])
UnityEngine.Logger:Log(LogType, Object)
UnityEngine.Debug:Log(Object)
PerformBuild:CommandLineBuildAndroid() (at Assets/Editor/PerformBuild.cs:103)
 
(Filename: Assets/Editor/PerformBuild.cs Line: 103)

Command line build Android version
------------------
------------------
UnityEngine.DebugLogHandler:Internal_Log(LogType, String, Object)
UnityEngine.DebugLogHandler:LogFormat(LogType, Object, String, Object[])
UnityEngine.Logger:Log(LogType, Object)
UnityEngine.Debug:Log(Object)
PerformBuild:CommandLineBuildAndroid() (at Assets/Editor/PerformBuild.cs:106)
 
(Filename: Assets/Editor/PerformBuild.cs Line: 106)

Build Location for Android set to /opt/dev/repository/unity-aa/Build/android/unity-aa.apk
UnityEngine.DebugLogHandler:Internal_Log(LogType, String, Object)
UnityEngine.DebugLogHandler:LogFormat(LogType, Object, String, Object[])
UnityEngine.Logger:Log(LogType, Object)
UnityEngine.Debug:Log(Object)
PerformBuild:GetBuildLocation(BuildTarget) (at Assets/Editor/PerformBuild.cs:19)
PerformBuild:CommandLineBuildAndroid() (at Assets/Editor/PerformBuild.cs:109)
 
(Filename: Assets/Editor/PerformBuild.cs Line: 19)

Path: "/opt/dev/repository/unity-aa/Build/android/unity-aa.apk"
UnityEngine.DebugLogHandler:Internal_Log(LogType, String, Object)
UnityEngine.DebugLogHandler:LogFormat(LogType, Object, String, Object[])
UnityEngine.Logger:Log(LogType, Object)
UnityEngine.Debug:Log(Object)
PerformBuild:CommandLineBuildAndroid() (at Assets/Editor/PerformBuild.cs:113)
 
(Filename: Assets/Editor/PerformBuild.cs Line: 113)

Scene[0]: "Assets/MainLevel.unity"
UnityEngine.DebugLogHandler:Internal_Log(LogType, String, Object)
UnityEngine.DebugLogHandler:LogFormat(LogType, Object, String, Object[])
UnityEngine.Logger:Log(LogType, Object)
UnityEngine.Debug:Log(Object)
PerformBuild:CommandLineBuildAndroid() (at Assets/Editor/PerformBuild.cs:116)
 
(Filename: Assets/Editor/PerformBuild.cs Line: 116)

Creating Directory "/opt/dev/repository/unity-aa/Build/android/unity-aa.apk" if it does not exist
UnityEngine.DebugLogHandler:Internal_Log(LogType, String, Object)
UnityEngine.DebugLogHandler:LogFormat(LogType, Object, String, Object[])
UnityEngine.Logger:Log(LogType, Object)
UnityEngine.Debug:Log(Object)
PerformBuild:CommandLineBuildAndroid() (at Assets/Editor/PerformBuild.cs:119)
 
(Filename: Assets/Editor/PerformBuild.cs Line: 119)

Not.Exists /opt/dev/repository/unity-aa/Build/android/unity-aa.apk
UnityEngine.DebugLogHandler:Internal_Log(LogType, String, Object)
UnityEngine.DebugLogHandler:LogFormat(LogType, Object, String, Object[])
UnityEngine.Logger:Log(LogType, Object)
UnityEngine.Debug:Log(Object)
PerformBuild:CommandLineBuildAndroid() (at Assets/Editor/PerformBuild.cs:122)
 
(Filename: Assets/Editor/PerformBuild.cs Line: 122)

Switching Build Target to Android
UnityEngine.DebugLogHandler:Internal_Log(LogType, String, Object)
UnityEngine.DebugLogHandler:LogFormat(LogType, Object, String, Object[])
UnityEngine.Logger:Log(LogType, Object)
UnityEngine.Debug:Log(Object)
PerformBuild:CommandLineBuildAndroid() (at Assets/Editor/PerformBuild.cs:136)
 
(Filename: Assets/Editor/PerformBuild.cs Line: 136)

Starting Android Build!
UnityEngine.DebugLogHandler:Internal_Log(LogType, String, Object)
UnityEngine.DebugLogHandler:LogFormat(LogType, Object, String, Object[])
UnityEngine.Logger:Log(LogType, Object)
UnityEngine.Debug:Log(Object)
PerformBuild:CommandLineBuildAndroid() (at Assets/Editor/PerformBuild.cs:148)
 
(Filename: Assets/Editor/PerformBuild.cs Line: 148)

GLX Extensions: GLX_ARB_create_context GLX_ARB_create_context_profile GLX_ARB_create_context_robustness GLX_ARB_fbconfig_float GLX_ARB_framebuffer_sRGB GLX_ARB_get_proc_address GLX_ARB_multisample GLX_EXT_buffer_age GLX_EXT_create_context_es2_profile GLX_EXT_create_context_es_profile GLX_EXT_fbconfig_packed_float GLX_EXT_framebuffer_sRGB GLX_EXT_import_context GLX_EXT_texture_from_pixmap GLX_EXT_visual_info GLX_EXT_visual_rating GLX_INTEL_swap_event GLX_MESA_copy_sub_buffer GLX_MESA_multithread_makecurrent GLX_MESA_query_renderer GLX_MESA_swap_control GLX_OML_swap_method GLX_OML_sync_control GLX_SGIS_multisample GLX_SGIX_fbconfig GLX_SGIX_pbuffer GLX_SGIX_visual_select_group GLX_SGI_make_current_read GLX_SGI_swap_control GLX_SGI_video_sync 
GLX Extensions: GLX_ARB_create_context GLX_ARB_create_context_profile GLX_ARB_create_context_robustness GLX_ARB_fbconfig_float GLX_ARB_framebuffer_sRGB GLX_ARB_get_proc_address GLX_ARB_multisample GLX_EXT_buffer_age GLX_EXT_create_context_es2_profile GLX_EXT_create_context_es_profile GLX_EXT_fbconfig_packed_float GLX_EXT_framebuffer_sRGB GLX_EXT_import_context GLX_EXT_texture_from_pixmap GLX_EXT_visual_info GLX_EXT_visual_rating GLX_INTEL_swap_event GLX_MESA_copy_sub_buffer GLX_MESA_multithread_makecurrent GLX_MESA_query_renderer GLX_MESA_swap_control GLX_OML_swap_method GLX_OML_sync_control GLX_SGIS_multisample GLX_SGIX_fbconfig GLX_SGIX_pbuffer GLX_SGIX_visual_select_group GLX_SGI_make_current_read GLX_SGI_swap_control GLX_SGI_video_sync 
GLX Extensions: GLX_ARB_create_context GLX_ARB_create_context_profile GLX_ARB_create_context_robustness GLX_ARB_fbconfig_float GLX_ARB_framebuffer_sRGB GLX_ARB_get_proc_address GLX_ARB_multisample GLX_EXT_buffer_age GLX_EXT_create_context_es2_profile GLX_EXT_create_context_es_profile GLX_EXT_fbconfig_packed_float GLX_EXT_framebuffer_sRGB GLX_EXT_import_context GLX_EXT_texture_from_pixmap GLX_EXT_visual_info GLX_EXT_visual_rating GLX_INTEL_swap_event GLX_MESA_copy_sub_buffer GLX_MESA_multithread_makecurrent GLX_MESA_query_renderer GLX_MESA_swap_control GLX_OML_swap_method GLX_OML_sync_control GLX_SGIS_multisample GLX_SGIX_fbconfig GLX_SGIX_pbuffer GLX_SGIX_visual_select_group GLX_SGI_make_current_read GLX_SGI_swap_control GLX_SGI_video_sync 
GLX Extensions: GLX_ARB_create_context GLX_ARB_create_context_profile GLX_ARB_create_context_robustness GLX_ARB_fbconfig_float GLX_ARB_framebuffer_sRGB GLX_ARB_get_proc_address GLX_ARB_multisample GLX_EXT_buffer_age GLX_EXT_create_context_es2_profile GLX_EXT_create_context_es_profile GLX_EXT_fbconfig_packed_float GLX_EXT_framebuffer_sRGB GLX_EXT_import_context GLX_EXT_texture_from_pixmap GLX_EXT_visual_info GLX_EXT_visual_rating GLX_INTEL_swap_event GLX_MESA_copy_sub_buffer GLX_MESA_multithread_makecurrent GLX_MESA_query_renderer GLX_MESA_swap_control GLX_OML_swap_method GLX_OML_sync_control GLX_SGIS_multisample GLX_SGIX_fbconfig GLX_SGIX_pbuffer GLX_SGIX_visual_select_group GLX_SGI_make_current_read GLX_SGI_swap_control GLX_SGI_video_sync 
GLX Extensions: GLX_ARB_create_context GLX_ARB_create_context_profile GLX_ARB_create_context_robustness GLX_ARB_fbconfig_float GLX_ARB_framebuffer_sRGB GLX_ARB_get_proc_address GLX_ARB_multisample GLX_EXT_buffer_age GLX_EXT_create_context_es2_profile GLX_EXT_create_context_es_profile GLX_EXT_fbconfig_packed_float GLX_EXT_framebuffer_sRGB GLX_EXT_import_context GLX_EXT_texture_from_pixmap GLX_EXT_visual_info GLX_EXT_visual_rating GLX_INTEL_swap_event GLX_MESA_copy_sub_buffer GLX_MESA_multithread_makecurrent GLX_MESA_query_renderer GLX_MESA_swap_control GLX_OML_swap_method GLX_OML_sync_control GLX_SGIS_multisample GLX_SGIX_fbconfig GLX_SGIX_pbuffer GLX_SGIX_visual_select_group GLX_SGI_make_current_read GLX_SGI_swap_control GLX_SGI_video_sync 
GLX Extensions: GLX_ARB_create_context GLX_ARB_create_context_profile GLX_ARB_create_context_robustness GLX_ARB_fbconfig_float GLX_ARB_framebuffer_sRGB GLX_ARB_get_proc_address GLX_ARB_multisample GLX_EXT_buffer_age GLX_EXT_create_context_es2_profile GLX_EXT_create_context_es_profile GLX_EXT_fbconfig_packed_float GLX_EXT_framebuffer_sRGB GLX_EXT_import_context GLX_EXT_texture_from_pixmap GLX_EXT_visual_info GLX_EXT_visual_rating GLX_INTEL_swap_event GLX_MESA_copy_sub_buffer GLX_MESA_multithread_makecurrent GLX_MESA_query_renderer GLX_MESA_swap_control GLX_OML_swap_method GLX_OML_sync_control GLX_SGIS_multisample GLX_SGIX_fbconfig GLX_SGIX_pbuffer GLX_SGIX_visual_select_group GLX_SGI_make_current_read GLX_SGI_swap_control GLX_SGI_video_sync 
Refresh: detecting if any assets need to be imported or removed ... Refresh: elapses 0,009520 seconds (Nothing changed)
Refresh completed in 0,009794 seconds.
Launched and connected shader compiler UnityShaderCompiler after 0.02 seconds
Android PostProcess task "Checking prerequisutes" took 768.0472 ms
AndroidSDKTools:

	root          : /opt/dev/android-sdk
	tools         : /opt/dev/android-sdk/tools
	platform-tools: /opt/dev/android-sdk/platform-tools
	build-tools   : /opt/dev/android-sdk/build-tools/26.0.2

	adb      : /opt/dev/android-sdk/platform-tools/adb
	aapt     : /opt/dev/android-sdk/build-tools/26.0.2/aapt
	zipalign : /opt/dev/android-sdk/build-tools/26.0.2/zipalign

AndroidJavaTools:
	java     : /opt/dev/java/bin/java

Android PostProcess task "Detecting Android SDK" took 1248.4042 ms
Android PostProcess task "Detect Android NDK" took 0.0976 ms
Android PostProcess task "Trying to find a suitable Android device" took 1.5157 ms
BuildPlayer: start building target 13
- Starting compile Library/ScriptAssemblies/Assembly-CSharp.dll
- Finished compile Library/ScriptAssemblies/Assembly-CSharp.dll
Symbols will be read from Temp/Assembly-CSharp.dll.mdb
Script Module: Assembly-CSharp.dll
Pass: 0 took 2 milliseconds
Pass: 1 took 11 milliseconds
Refreshing native plugins compatible for Editor in 0,35 ms, found 2 plugins.

Packing sprites:
[     98 MB ]- Collect Sprites to Pack : (SequentialAtlasing : 0) 
[     98 MB ]- Grouping sprites using the selected SpritePackerPolicy.
[     99 MB ][     99 MB ]- Completed grouping sprites to Atlas.
[     99 MB ]- Build Sprite Atlas. 
[     99 MB ]- Packing 0 atlases.
[     99 MB ]- Packing completed.
[     99 MB ]- Update Sprites and Cleanup. 
[     99 MB ]WARNING: Shader Unsupported: 'Hidden/BlitToDepth' - Pass '' has no vertex shader
WARNING: Shader Unsupported: 'Hidden/BlitToDepth' - Setting to default shader.
WARNING: Shader Unsupported: 'Hidden/BlitToDepth_MSAA' - Pass '' has no vertex shader
WARNING: Shader Unsupported: 'Hidden/BlitToDepth_MSAA' - Setting to default shader.
Opening scene 'Temp/__Backupscenes/0.backup'
Load scene 'Temp/__Backupscenes/0.backup' time: 0,024000 ms 
Unloading 73 Unused Serialized files (Serialized files now loaded: 0)
System memory in use before: 98,6 MB.
System memory in use after: 98,5 MB.

Unloading 45 unused Assets to reduce memory usage. Loaded Objects now: 3119.
Total: 12,902000 ms (FindLiveObjects: 1,014000 ms CreateObjectMapping: 0,076000 ms MarkObjects: 11,100000 ms  DeleteObjects: 0,709000 ms)

WARNING: Shader Unsupported: 'Hidden/BlitToDepth' - Pass '' has no vertex shader
WARNING: Shader Unsupported: 'Hidden/BlitToDepth' - Setting to default shader.
WARNING: Shader Unsupported: 'Hidden/BlitToDepth_MSAA' - Pass '' has no vertex shader
WARNING: Shader Unsupported: 'Hidden/BlitToDepth_MSAA' - Setting to default shader.


Mono dependencies included in the build
Dependency assembly - Mono.Security.dll
Dependency assembly - System.Core.dll
Dependency assembly - System.dll
Dependency assembly - mscorlib.dll
Dependency assembly - UnityEngine.UI.dll
Dependency assembly - UnityEngine.Networking.dll
Dependency assembly - UnityEngine.Timeline.dll
Dependency assembly - UnityEngine.SpatialTracking.dll
Dependency assembly - Assembly-CSharp.dll
Dependency assembly - UnityEngine.Advertisements.dll

Unloading 10 Unused Serialized files (Serialized files now loaded: 0)
System memory in use before: 99,4 MB.
System memory in use after: 99,4 MB.

Unloading 44 unused Assets to reduce memory usage. Loaded Objects now: 3059.
Total: 10,126000 ms (FindLiveObjects: 1,117000 ms CreateObjectMapping: 0,040000 ms MarkObjects: 8,493000 ms  DeleteObjects: 0,474000 ms)

Setting up 1 worker threads for Enlighten.
Unloading 0 Unused Serialized files (Serialized files now loaded: 0)
  Thread -> id: 7f3def069700 -> priority: 1 
System memory in use before: 98,6 MB.
System memory in use after: 98,8 MB.

Unloading 0 unused Assets to reduce memory usage. Loaded Objects now: 3104.
Total: 15,082000 ms (FindLiveObjects: 1,929000 ms CreateObjectMapping: 0,061000 ms MarkObjects: 13,055000 ms  DeleteObjects: 0,032000 ms)

WARNING: Shader Unsupported: 'Hidden/BlitToDepth' - Pass '' has no vertex shader
WARNING: Shader Unsupported: 'Hidden/BlitToDepth' - Setting to default shader.
WARNING: Shader Unsupported: 'Hidden/BlitToDepth_MSAA' - Pass '' has no vertex shader
WARNING: Shader Unsupported: 'Hidden/BlitToDepth_MSAA' - Setting to default shader.
WARNING: Shader Unsupported: 'VR/SpatialMapping/Wireframe' - Pass '' has no vertex shader
WARNING: Shader Unsupported: 'VR/SpatialMapping/Wireframe' - Setting to default shader.
WARNING: Shader Unsupported: 'Hidden/VR/BlitTexArraySliceToDepth_MSAA' - Pass '' has no vertex shader
WARNING: Shader Unsupported: 'Hidden/VR/BlitTexArraySliceToDepth_MSAA' - Setting to default shader.
WARNING: Shader Unsupported: 'AR/TangoARRender' - Pass '' has no vertex shader
WARNING: Shader Unsupported: 'AR/TangoARRender' - Setting to default shader.
Unloading 1 Unused Serialized files (Serialized files now loaded: 0)
System memory in use before: 99,3 MB.
System memory in use after: 98,9 MB.

Unloading 59 unused Assets to reduce memory usage. Loaded Objects now: 3095.
Total: 10,309000 ms (FindLiveObjects: 0,930000 ms CreateObjectMapping: 0,033000 ms MarkObjects: 8,730000 ms  DeleteObjects: 0,614000 ms)

WARNING: Shader Unsupported: 'Hidden/BlitToDepth' - Pass '' has no vertex shader
WARNING: Shader Unsupported: 'Hidden/BlitToDepth' - Setting to default shader.
WARNING: Shader Unsupported: 'Hidden/BlitToDepth_MSAA' - Pass '' has no vertex shader
WARNING: Shader Unsupported: 'Hidden/BlitToDepth_MSAA' - Setting to default shader.
Launched and connected shader compiler UnityShaderCompiler after 0.02 seconds
Launched and connected shader compiler UnityShaderCompiler after 0.02 seconds
Launched and connected shader compiler UnityShaderCompiler after 0.02 seconds
Android PostProcess task "Creating staging area" took 2.0367 ms
Android PostProcess task "Generating Build Id" took 1.3198 ms
Android PostProcess task "Preparing Unity resources" took 12.6299 ms
Android PostProcess task "Splitting assets" took 3.8832 ms
Android PostProcess task "Processing OBB assets" took 0.0912 ms
Android PostProcess task "Preparing Unity libraries" took 31.3161 ms
Android PostProcess task "Processing resources" took 1.0829 ms
Android PostProcess task "Preparing APK resources" took 1249.4827 ms
Android PostProcess task "Processing plugins" took 28.5805 ms
Android PostProcess task "Processing Android libraries" took 6.3965 ms
Android PostProcess task "Creating Android manifest" took 406.668 ms
Unloading 16 Unused Serialized files (Serialized files now loaded: 0)
System memory in use before: 99,5 MB.
System memory in use after: 99,4 MB.

Unloading 44 unused Assets to reduce memory usage. Loaded Objects now: 3095.
Total: 18,414000 ms (FindLiveObjects: 2,070000 ms CreateObjectMapping: 0,134000 ms MarkObjects: 15,446000 ms  DeleteObjects: 0,761000 ms)

Android PostProcess task "Compiling resources" took 675.9298 ms
Android PostProcess task "IL2CPP" took 1.0894 ms
Android PostProcess task "Build native Unity binary" took 0.1801 ms
Android PostProcess task "Zipping symbols" took 0.4189 ms
Android PostProcess task "Performance Reporting Symbol Upload" took 0.2621 ms
Android PostProcess task "Preparing streaming assets" took 2.5712 ms
Android PostProcess task "fastzip" took 0.1378 ms
Android PostProcess task "AAPT: Compiling all assets into one archive" took 0.4299 ms
Android PostProcess task "Exporting project" took 77.9633 ms
Android PostProcess task "Building Gradle project" took 20116.3359 ms
Android PostProcess task "Moving output package" took 2.3786 ms

-------------------------------------------------------------------------------
Build Report
Uncompressed usage by category:
Textures      69,5 kb	 0,1% 
Meshes        0,0 kb	 0,0% 
Animations    7,2 kb	 0,0% 
Sounds        0,0 kb	 0,0% 
Shaders       0,0 kb	 0,0% 
Other Assets  8,1 kb	 0,0% 
Levels        6,9 kb	 0,0% 
Scripts       645,5 kb	 1,3% 
Included DLLs 3,9 mb	 8,1% 
File headers  9,1 kb	 0,0% 
Complete size 48,7 mb	 100,0% 

Used Assets and files from the Resources folder, sorted by uncompressed size:
 65,3 kb	 0,1% Assets/Circle.png
 6,3 kb	 0,0% Resources/unity_builtin_extra
 4,1 kb	 0,0% /opt/Unity-2018.1.0b13/Editor/Data/UnityExtensions/Unity/GUISystem/UnityEngine.UI.dll
 4,1 kb	 0,0% /opt/Unity-2018.1.0b13/Editor/Data/UnityExtensions/Unity/GUISystem/Standalone/UnityEngine.UI.dll
 2,5 kb	 0,0% Assets/Animation/Main Camera.controller
 2,5 kb	 0,0% Assets/Animation/EndGame.anim
 2,4 kb	 0,0% Assets/Animation/Rotator.anim
 2,3 kb	 0,0% Assets/Animation/Idle.anim
 2,2 kb	 0,0% Assets/Animation/Rotator.controller
 1,8 kb	 0,0% /opt/Unity-2018.1.0b13/Editor/Data/UnityExtensions/Unity/Networking/UnityEngine.Networking.dll
 1,8 kb	 0,0% /opt/Unity-2018.1.0b13/Editor/Data/UnityExtensions/Unity/Networking/Standalone/UnityEngine.Networking.dll
 1,5 kb	 0,0% /opt/Unity-2018.1.0b13/Editor/Data/UnityExtensions/Unity/Timeline/RuntimeEditor/UnityEngine.Timeline.dll
 1,5 kb	 0,0% /opt/Unity-2018.1.0b13/Editor/Data/UnityExtensions/Unity/Timeline/Runtime/UnityEngine.Timeline.dll
 0,9 kb	 0,0% Assets/Pin.prefab
 0,7 kb	 0,0% /opt/Unity-2018.1.0b13/Editor/Data/UnityExtensions/Unity/UnityHoloLens/RuntimeEditor/UnityEngine.HoloLens.dll
 0,7 kb	 0,0% /opt/Unity-2018.1.0b13/Editor/Data/UnityExtensions/Unity/UnityHoloLens/Runtime/UnityEngine.HoloLens.dll
 0,6 kb	 0,0% /opt/Unity-2018.1.0b13/Editor/Data/UnityExtensions/Unity/UnityGoogleAudioSpatializer/RuntimeEditor/UnityEngine.GoogleAudioSpatializer.dll
 0,6 kb	 0,0% /opt/Unity-2018.1.0b13/Editor/Data/UnityExtensions/Unity/UnityGoogleAudioSpatializer/Runtime/UnityEngine.GoogleAudioSpatializer.dll
 0,4 kb	 0,0% /opt/Unity-2018.1.0b13/Editor/Data/UnityExtensions/Unity/TestRunner/UnityEngine.TestRunner.dll
 0,3 kb	 0,0% Packages/com.unity.analytics/UnityEngine.Analytics.dll
 0,3 kb	 0,0% Packages/com.unity.ads/UnityEngine.Advertisements.dll
 0,1 kb	 0,0% /opt/Unity-2018.1.0b13/Editor/Data/UnityExtensions/Unity/UnitySpatialTracking/RuntimeEditor/UnityEngine.SpatialTracking.dll
 0,1 kb	 0,0% /opt/Unity-2018.1.0b13/Editor/Data/UnityExtensions/Unity/UnitySpatialTracking/Runtime/UnityEngine.SpatialTracking.dll
 0,1 kb	 0,0% Assets/Scripts/GameManager.cs
 0,1 kb	 0,0% Assets/Scripts/Spawner.cs
 0,1 kb	 0,0% Assets/Scripts/Score.cs
 0,1 kb	 0,0% Assets/Scripts/Rotator.cs
 0,1 kb	 0,0% Assets/Scripts/Pin.cs
-------------------------------------------------------------------------------
Unloading 2 Unused Serialized files (Serialized files now loaded: 0)
System memory in use before: 99,6 MB.
System memory in use after: 99,7 MB.

Unloading 1 unused Assets to reduce memory usage. Loaded Objects now: 3122.
Total: 22,541000 ms (FindLiveObjects: 1,340000 ms CreateObjectMapping: 0,114000 ms MarkObjects: 20,992000 ms  DeleteObjects: 0,093000 ms)

Load scene 'Temp/__Backupscenes/0.backup' time: 0,032000 ms 
Unloading 1 Unused Serialized files (Serialized files now loaded: 0)
System memory in use before: 99,7 MB.
System memory in use after: 99,9 MB.

Unloading 0 unused Assets to reduce memory usage. Loaded Objects now: 3125.
Total: 13,241000 ms (FindLiveObjects: 1,062000 ms CreateObjectMapping: 0,039000 ms MarkObjects: 12,123000 ms  DeleteObjects: 0,015000 ms)


*** Completed 'Build.Player.AndroidPlayer' in 28 seconds (27939 ms)

- Starting compile Library/ScriptAssemblies/Unity.PackageManagerUI.Editor.dll
- Starting compile Library/ScriptAssemblies/UnityEditor.StandardEvents.dll
- Finished compile Library/ScriptAssemblies/UnityEditor.StandardEvents.dll
- Finished compile Library/ScriptAssemblies/Unity.PackageManagerUI.Editor.dll
- Starting compile Library/ScriptAssemblies/Assembly-CSharp.dll
- Finished compile Library/ScriptAssemblies/Assembly-CSharp.dll
Symbols will be read from Temp/Assembly-CSharp.dll.mdb
Script Module: Assembly-CSharp.dll
Pass: 0 took 2 milliseconds
Pass: 1 took 4 milliseconds
- Starting compile Library/ScriptAssemblies/Assembly-CSharp-Editor.dll
- Finished compile Library/ScriptAssemblies/Assembly-CSharp-Editor.dll
Reloading assemblies after script compilation.
Begin MonoManager ReloadAssembly
Refreshing native plugins compatible for Editor in 1,48 ms, found 2 plugins.
Preloading 1 native plugins for Editor in 0,12 ms.
Mono: successfully reloaded assembly
Refreshing native plugins compatible for Editor in 0,41 ms, found 2 plugins.
Preloading 1 native plugins for Editor in 0,11 ms.

----- Total AssetImport time: 0,084059s, AssetImport time: 0,000001s, Asset hashing: 0,000000s [0 B, 0,000000 mb/s]

- Completed reload, in  1,492 seconds
Initializing Unity.PackageManager (PackageManager) v2018.1.0 for Unity v2018.1.0b13
Registering platform support modules:
Registered platform support modules in: 0.039132s.
Native extension for LinuxStandalone target not found
Native extension for WebGL target not found
Native extension for Android target not found
Batchmode quit successfully invoked - shutting down!
Refresh: detecting if any assets need to be imported or removed ... Refresh: elapses 0,017775 seconds (Nothing changed)
Refresh completed in 0,017863 seconds.
Updating ProjectSettings/ProjectSettings.asset - GUID: 00000000000000004000000000000000...
 done. [Time: 43,351000 ms] 
Refreshing native plugins compatible for Editor in 0,46 ms, found 2 plugins.
Preloading 1 native plugins for Editor in 0,11 ms.

----- Total AssetImport time: 0,148961s, AssetImport time: 0,076411s, Asset hashing: 0,000000s [0 B, 0,000000 mb/s]

Refresh: detecting if any assets need to be imported or removed ... Refresh: elapses 0,006405 seconds (Nothing changed)
Refresh completed in 0,006485 seconds.
